<?xml version="1.0" encoding="UTF-8"?>
<!-- Generated by org.testng.reporters.JUnitXMLReporter -->
<testsuite ignored="0" hostname="BINTERNS-QA23L" failures="2" tests="9" name="Test" time="43.438" errors="0" timestamp="2023-05-18T15:10:06 IST">
  <testcase classname="navbar_buttons.Electronics_moduletest" name="logoverify" time="1.968"/>
  <testcase classname="navbar_buttons.Electronics_moduletest" name="sort_item" time="3.534"/>
  <testcase classname="navbar_buttons.Electronics_moduletest" name="add_item1" time="9.575"/>
  <testcase classname="navbar_buttons.Electronics_moduletest" name="add_item2" time="3.745"/>
  <testcase classname="navbar_buttons.Electronics_moduletest" name="add_item3" time="7.58">
    <failure type="org.openqa.selenium.ElementNotInteractableException" message="element not interactable
  (Session info: chrome=113.0.5672.94)
Build info: version: &amp;apos;4.8.2&amp;apos;, revision: &amp;apos;826dbfc730&amp;apos;
System info: os.name: &amp;apos;Windows 10&amp;apos;, os.arch: &amp;apos;amd64&amp;apos;, os.version: &amp;apos;10.0&amp;apos;, java.version: &amp;apos;17.0.5&amp;apos;
Driver info: org.openqa.selenium.chrome.ChromeDriver
Command: [287f96eee6b5b24fd039038cf6a7c6b9, clickElement {id=8C26CA865E98844D9341C07C0FC4B241_element_635}]
Capabilities {acceptInsecureCerts: false, browserName: chrome, browserVersion: 113.0.5672.94, chrome: {chromedriverVersion: 113.0.5672.63 (0e1a4471d5ae..., userDataDir: C:\Users\skumari\AppData\Lo...}, goog:chromeOptions: {debuggerAddress: localhost:50112}, networkConnectionEnabled: false, pageLoadStrategy: normal, platformName: WINDOWS, proxy: Proxy(), se:cdp: ws://localhost:50112/devtoo..., se:cdpVersion: 113.0.5672.94, setWindowRect: true, strictFileInteractability: false, timeouts: {implicit: 0, pageLoad: 300000, script: 30000}, unhandledPromptBehavior: dismiss and notify, webauthn:extension:credBlob: true, webauthn:extension:largeBlob: true, webauthn:extension:minPinLength: true, webauthn:extension:prf: true, webauthn:virtualAuthenticators: true}
Element: [[ChromeDriver: chrome on WINDOWS (287f96eee6b5b24fd039038cf6a7c6b9)] -&amp;gt; xpath: //button[@type=&amp;apos;button&amp;apos; and text()=&amp;apos; Skip &amp;amp; Continue &amp;apos;]]
Session ID: 287f96eee6b5b24fd039038cf6a7c6b9">
      <![CDATA[org.openqa.selenium.ElementNotInteractableException: element not interactable
  (Session info: chrome=113.0.5672.94)
Build info: version: '4.8.2', revision: '826dbfc730'
System info: os.name: 'Windows 10', os.arch: 'amd64', os.version: '10.0', java.version: '17.0.5'
Driver info: org.openqa.selenium.chrome.ChromeDriver
Command: [287f96eee6b5b24fd039038cf6a7c6b9, clickElement {id=8C26CA865E98844D9341C07C0FC4B241_element_635}]
Capabilities {acceptInsecureCerts: false, browserName: chrome, browserVersion: 113.0.5672.94, chrome: {chromedriverVersion: 113.0.5672.63 (0e1a4471d5ae..., userDataDir: C:\Users\skumari\AppData\Lo...}, goog:chromeOptions: {debuggerAddress: localhost:50112}, networkConnectionEnabled: false, pageLoadStrategy: normal, platformName: WINDOWS, proxy: Proxy(), se:cdp: ws://localhost:50112/devtoo..., se:cdpVersion: 113.0.5672.94, setWindowRect: true, strictFileInteractability: false, timeouts: {implicit: 0, pageLoad: 300000, script: 30000}, unhandledPromptBehavior: dismiss and notify, webauthn:extension:credBlob: true, webauthn:extension:largeBlob: true, webauthn:extension:minPinLength: true, webauthn:extension:prf: true, webauthn:virtualAuthenticators: true}
Element: [[ChromeDriver: chrome on WINDOWS (287f96eee6b5b24fd039038cf6a7c6b9)] -> xpath: //button[@type='button' and text()=' Skip & Continue ']]
Session ID: 287f96eee6b5b24fd039038cf6a7c6b9
at org.openqa.selenium.remote.codec.w3c.W3CHttpResponseCodec.createException(W3CHttpResponseCodec.java:200)
at org.openqa.selenium.remote.codec.w3c.W3CHttpResponseCodec.decode(W3CHttpResponseCodec.java:133)
at org.openqa.selenium.remote.codec.w3c.W3CHttpResponseCodec.decode(W3CHttpResponseCodec.java:53)
at org.openqa.selenium.remote.HttpCommandExecutor.execute(HttpCommandExecutor.java:193)
at org.openqa.selenium.remote.service.DriverCommandExecutor.invokeExecute(DriverCommandExecutor.java:183)
at org.openqa.selenium.remote.service.DriverCommandExecutor.execute(DriverCommandExecutor.java:158)
at org.openqa.selenium.remote.RemoteWebDriver.execute(RemoteWebDriver.java:543)
at org.openqa.selenium.remote.RemoteWebElement.execute(RemoteWebElement.java:257)
at org.openqa.selenium.remote.RemoteWebElement.click(RemoteWebElement.java:78)
at org.openqa.selenium.support.pagefactory.internal.LocatingElementHandler.invoke(LocatingElementHandler.java:52)
at jdk.proxy2/jdk.proxy2.$Proxy15.click(Unknown Source)
at navbar_buttons.Navbar_actions.add_item3(Navbar_actions.java:61)
at navbar_buttons.Electronics_moduletest.add_item3(Electronics_moduletest.java:75)
at java.base/java.util.ArrayList.forEach(ArrayList.java:1511)
... Removed 39 stack frames]]>
    </failure>
  </testcase> <!-- add_item3 -->
  <testcase classname="navbar_buttons.Electronics_moduletest" name="gotocart" time="3.198"/>
  <testcase classname="navbar_buttons.Electronics_moduletest" name="print_subtotal" time="2.046">
    <failure type="java.lang.AssertionError" message="expected [JioMart: India&amp;apos;s online shopping destination] but found [JioMart Electronic Online Shopping]">
      <![CDATA[java.lang.AssertionError: expected [JioMart: India's online shopping destination] but found [JioMart Electronic Online Shopping]
at navbar_buttons.Navbar_actions.print_subtotal(Navbar_actions.java:84)
at navbar_buttons.Electronics_moduletest.print_subtotal(Electronics_moduletest.java:91)
at java.base/java.util.ArrayList.forEach(ArrayList.java:1511)
... Removed 36 stack frames]]>
    </failure>
  </testcase> <!-- print_subtotal -->
  <testcase classname="navbar_buttons.Electronics_moduletest" name="beauty_module" time="2.845"/>
  <testcase classname="navbar_buttons.Electronics_moduletest" name="gotocart1" time="3.478"/>
</testsuite> <!-- Test -->
