<!DOCTYPE html PUBLIC "-//W3C//DTD XHTML 1.1//EN" "https://www.w3.org/TR/xhtml11/DTD/xhtml11.dtd">
<html xmlns="https://www.w3.org/1999/xhtml">
<head>
<meta http-equiv="content-type" content="text/html; charset=UTF-8"/>
<title>TestNG Report</title>
<style type="text/css">table {margin-bottom:10px;border-collapse:collapse;empty-cells:show}th,td {border:1px solid #009;padding:.25em .5em}th {vertical-align:bottom}td {vertical-align:top}table a {font-weight:bold}.stripe td {background-color: #E6EBF9}.num {text-align:right}.passedodd td {background-color: #3F3}.passedeven td {background-color: #0A0}.skippedodd td {background-color: #DDD}.skippedeven td {background-color: #CCC}.failedodd td,.attn {background-color: #F33}.failedeven td,.stripe .attn {background-color: #D00}.stacktrace {white-space:pre;font-family:monospace}.totop {font-size:85%;text-align:center;border-bottom:2px solid #000}.invisible {display:none}</style>
</head>
<body>
<table>
<tr><th>Test</th><th># Passed</th><th># Skipped</th><th># Retried</th><th># Failed</th><th>Time (ms)</th><th>Included Groups</th><th>Excluded Groups</th></tr>
<tr><th colspan="8">Suite</th></tr>
<tr><td><a href="#t0">Test</a></td><td class="num">7</td><td class="num">0</td><td class="num">0</td><td class="num attn">2</td><td class="num">43,438</td><td></td><td></td></tr>
</table>
<table id='summary'><thead><tr><th>Class</th><th>Method</th><th>Start</th><th>Time (ms)</th></tr></thead><tbody><tr><th colspan="4">Suite</th></tr></tbody><tbody id="t0"><tr><th colspan="4">Test &#8212; failed</th></tr><tr class="failedeven"><td rowspan="2">navbar_buttons.Electronics_moduletest</td><td><a href="#m0">add_item3</a></td><td rowspan="1">1684402787170</td><td rowspan="1">7580</td></tr><tr class="failedeven"><td><a href="#m1">print_subtotal</a></td><td rowspan="1">1684402797967</td><td rowspan="1">2046</td></tr><tr><th colspan="4">Test &#8212; passed</th></tr><tr class="passedeven"><td rowspan="7">navbar_buttons.Electronics_moduletest</td><td><a href="#m2">add_item1</a></td><td rowspan="1">1684402773846</td><td rowspan="1">9575</td></tr><tr class="passedeven"><td><a href="#m3">add_item2</a></td><td rowspan="1">1684402783423</td><td rowspan="1">3745</td></tr><tr class="passedeven"><td><a href="#m4">beauty_module</a></td><td rowspan="1">1684402800016</td><td rowspan="1">2845</td></tr><tr class="passedeven"><td><a href="#m5">gotocart</a></td><td rowspan="1">1684402794766</td><td rowspan="1">3198</td></tr><tr class="passedeven"><td><a href="#m6">gotocart1</a></td><td rowspan="1">1684402802863</td><td rowspan="1">3478</td></tr><tr class="passedeven"><td><a href="#m7">logoverify</a></td><td rowspan="1">1684402768334</td><td rowspan="1">1968</td></tr><tr class="passedeven"><td><a href="#m8">sort_item</a></td><td rowspan="1">1684402770310</td><td rowspan="1">3534</td></tr></tbody>
</table>
<h2>Test</h2><h3 id="m0">navbar_buttons.Electronics_moduletest#add_item3</h3><table class="result"><tr><th>Exception</th></tr><tr><td><div class="stacktrace">org.openqa.selenium.ElementNotInteractableException: element not interactable
  (Session info: chrome=113.0.5672.94)
Build info: version: &apos;4.8.2&apos;, revision: &apos;826dbfc730&apos;
System info: os.name: &apos;Windows 10&apos;, os.arch: &apos;amd64&apos;, os.version: &apos;10.0&apos;, java.version: &apos;17.0.5&apos;
Driver info: org.openqa.selenium.chrome.ChromeDriver
Command: [287f96eee6b5b24fd039038cf6a7c6b9, clickElement {id=8C26CA865E98844D9341C07C0FC4B241_element_635}]
Capabilities {acceptInsecureCerts: false, browserName: chrome, browserVersion: 113.0.5672.94, chrome: {chromedriverVersion: 113.0.5672.63 (0e1a4471d5ae..., userDataDir: C:\Users\skumari\AppData\Lo...}, goog:chromeOptions: {debuggerAddress: localhost:50112}, networkConnectionEnabled: false, pageLoadStrategy: normal, platformName: WINDOWS, proxy: Proxy(), se:cdp: ws://localhost:50112/devtoo..., se:cdpVersion: 113.0.5672.94, setWindowRect: true, strictFileInteractability: false, timeouts: {implicit: 0, pageLoad: 300000, script: 30000}, unhandledPromptBehavior: dismiss and notify, webauthn:extension:credBlob: true, webauthn:extension:largeBlob: true, webauthn:extension:minPinLength: true, webauthn:extension:prf: true, webauthn:virtualAuthenticators: true}
Element: [[ChromeDriver: chrome on WINDOWS (287f96eee6b5b24fd039038cf6a7c6b9)] -&gt; xpath: //button[@type=&apos;button&apos; and text()=&apos; Skip &amp; Continue &apos;]]
Session ID: 287f96eee6b5b24fd039038cf6a7c6b9
	at org.openqa.selenium.remote.codec.w3c.W3CHttpResponseCodec.createException(W3CHttpResponseCodec.java:200)
	at org.openqa.selenium.remote.codec.w3c.W3CHttpResponseCodec.decode(W3CHttpResponseCodec.java:133)
	at org.openqa.selenium.remote.codec.w3c.W3CHttpResponseCodec.decode(W3CHttpResponseCodec.java:53)
	at org.openqa.selenium.remote.HttpCommandExecutor.execute(HttpCommandExecutor.java:193)
	at org.openqa.selenium.remote.service.DriverCommandExecutor.invokeExecute(DriverCommandExecutor.java:183)
	at org.openqa.selenium.remote.service.DriverCommandExecutor.execute(DriverCommandExecutor.java:158)
	at org.openqa.selenium.remote.RemoteWebDriver.execute(RemoteWebDriver.java:543)
	at org.openqa.selenium.remote.RemoteWebElement.execute(RemoteWebElement.java:257)
	at org.openqa.selenium.remote.RemoteWebElement.click(RemoteWebElement.java:78)
	at org.openqa.selenium.support.pagefactory.internal.LocatingElementHandler.invoke(LocatingElementHandler.java:52)
	at jdk.proxy2/jdk.proxy2.$Proxy15.click(Unknown Source)
	at navbar_buttons.Navbar_actions.add_item3(Navbar_actions.java:61)
	at navbar_buttons.Electronics_moduletest.add_item3(Electronics_moduletest.java:75)
	at java.base/java.util.ArrayList.forEach(ArrayList.java:1511)
... Removed 39 stack frames</div></td></tr></table><p class="totop"><a href="#summary">back to summary</a></p>
<h3 id="m1">navbar_buttons.Electronics_moduletest#print_subtotal</h3><table class="result"><tr><th>Exception</th></tr><tr><td><div class="stacktrace">java.lang.AssertionError: expected [JioMart: India&apos;s online shopping destination] but found [JioMart Electronic Online Shopping]
	at navbar_buttons.Navbar_actions.print_subtotal(Navbar_actions.java:84)
	at navbar_buttons.Electronics_moduletest.print_subtotal(Electronics_moduletest.java:91)
	at java.base/java.util.ArrayList.forEach(ArrayList.java:1511)
... Removed 36 stack frames</div></td></tr></table><p class="totop"><a href="#summary">back to summary</a></p>
<h3 id="m2">navbar_buttons.Electronics_moduletest#add_item1</h3><table class="result"><tr><th class="invisible"/></tr></table><p class="totop"><a href="#summary">back to summary</a></p>
<h3 id="m3">navbar_buttons.Electronics_moduletest#add_item2</h3><table class="result"><tr><th class="invisible"/></tr></table><p class="totop"><a href="#summary">back to summary</a></p>
<h3 id="m4">navbar_buttons.Electronics_moduletest#beauty_module</h3><table class="result"><tr><th class="invisible"/></tr></table><p class="totop"><a href="#summary">back to summary</a></p>
<h3 id="m5">navbar_buttons.Electronics_moduletest#gotocart</h3><table class="result"><tr><th class="invisible"/></tr></table><p class="totop"><a href="#summary">back to summary</a></p>
<h3 id="m6">navbar_buttons.Electronics_moduletest#gotocart1</h3><table class="result"><tr><th class="invisible"/></tr></table><p class="totop"><a href="#summary">back to summary</a></p>
<h3 id="m7">navbar_buttons.Electronics_moduletest#logoverify</h3><table class="result"><tr><th class="invisible"/></tr></table><p class="totop"><a href="#summary">back to summary</a></p>
<h3 id="m8">navbar_buttons.Electronics_moduletest#sort_item</h3><table class="result"><tr><th class="invisible"/></tr></table><p class="totop"><a href="#summary">back to summary</a></p>
</body>
</html>
